{"/home/work/ebpf-based-microsegment/web/src/utils/topologyUtils.ts": {"path":"/home/work/ebpf-based-microsegment/web/src/utils/topologyUtils.ts","statementMap":{"0":{"start":{"line":22,"column":2},"end":{"line":26,"column":null}},"1":{"start":{"line":23,"column":4},"end":{"line":23,"column":null}},"2":{"start":{"line":25,"column":4},"end":{"line":25,"column":null}},"3":{"start":{"line":33,"column":18},"end":{"line":33,"column":null}},"4":{"start":{"line":34,"column":18},"end":{"line":34,"column":null}},"5":{"start":{"line":37,"column":2},"end":{"line":126,"column":null}},"6":{"start":{"line":38,"column":21},"end":{"line":38,"column":null}},"7":{"start":{"line":39,"column":21},"end":{"line":39,"column":null}},"8":{"start":{"line":42,"column":4},"end":{"line":54,"column":null}},"9":{"start":{"line":43,"column":6},"end":{"line":53,"column":null}},"10":{"start":{"line":57,"column":4},"end":{"line":69,"column":null}},"11":{"start":{"line":58,"column":6},"end":{"line":68,"column":null}},"12":{"start":{"line":72,"column":23},"end":{"line":72,"column":null}},"13":{"start":{"line":73,"column":23},"end":{"line":73,"column":null}},"14":{"start":{"line":75,"column":4},"end":{"line":75,"column":null}},"15":{"start":{"line":76,"column":4},"end":{"line":76,"column":null}},"16":{"start":{"line":77,"column":4},"end":{"line":77,"column":null}},"17":{"start":{"line":78,"column":4},"end":{"line":80,"column":null}},"18":{"start":{"line":79,"column":6},"end":{"line":79,"column":null}},"19":{"start":{"line":82,"column":4},"end":{"line":82,"column":null}},"20":{"start":{"line":83,"column":4},"end":{"line":83,"column":null}},"21":{"start":{"line":84,"column":4},"end":{"line":84,"column":null}},"22":{"start":{"line":85,"column":4},"end":{"line":87,"column":null}},"23":{"start":{"line":86,"column":6},"end":{"line":86,"column":null}},"24":{"start":{"line":90,"column":19},"end":{"line":90,"column":null}},"25":{"start":{"line":91,"column":26},"end":{"line":91,"column":null}},"26":{"start":{"line":93,"column":4},"end":{"line":108,"column":null}},"27":{"start":{"line":95,"column":24},"end":{"line":95,"column":null}},"28":{"start":{"line":96,"column":6},"end":{"line":107,"column":null}},"29":{"start":{"line":110,"column":17},"end":{"line":110,"column":null}},"30":{"start":{"line":113,"column":4},"end":{"line":113,"column":null}},"31":{"start":{"line":114,"column":4},"end":{"line":114,"column":null}},"32":{"start":{"line":115,"column":4},"end":{"line":115,"column":null}},"33":{"start":{"line":118,"column":4},"end":{"line":120,"column":null}},"34":{"start":{"line":119,"column":6},"end":{"line":119,"column":null}},"35":{"start":{"line":123,"column":4},"end":{"line":125,"column":null}},"36":{"start":{"line":124,"column":6},"end":{"line":124,"column":null}},"37":{"start":{"line":129,"column":14},"end":{"line":129,"column":null}},"38":{"start":{"line":130,"column":16},"end":{"line":130,"column":null}},"39":{"start":{"line":133,"column":2},"end":{"line":153,"column":null}},"40":{"start":{"line":134,"column":4},"end":{"line":136,"column":null}},"41":{"start":{"line":135,"column":22},"end":{"line":135,"column":63}},"42":{"start":{"line":139,"column":20},"end":{"line":139,"column":null}},"43":{"start":{"line":139,"column":43},"end":{"line":139,"column":47}},"44":{"start":{"line":140,"column":26},"end":{"line":142,"column":null}},"45":{"start":{"line":141,"column":11},"end":{"line":141,"column":null}},"46":{"start":{"line":144,"column":4},"end":{"line":152,"column":null}},"47":{"start":{"line":155,"column":2},"end":{"line":163,"column":null}},"48":{"start":{"line":170,"column":18},"end":{"line":170,"column":null}},"49":{"start":{"line":171,"column":18},"end":{"line":171,"column":null}},"50":{"start":{"line":174,"column":2},"end":{"line":274,"column":null}},"51":{"start":{"line":176,"column":24},"end":{"line":176,"column":null}},"52":{"start":{"line":177,"column":24},"end":{"line":177,"column":null}},"53":{"start":{"line":180,"column":4},"end":{"line":182,"column":null}},"54":{"start":{"line":181,"column":6},"end":{"line":181,"column":null}},"55":{"start":{"line":184,"column":21},"end":{"line":184,"column":null}},"56":{"start":{"line":185,"column":21},"end":{"line":185,"column":null}},"57":{"start":{"line":188,"column":4},"end":{"line":201,"column":null}},"58":{"start":{"line":189,"column":6},"end":{"line":200,"column":null}},"59":{"start":{"line":204,"column":4},"end":{"line":217,"column":null}},"60":{"start":{"line":205,"column":6},"end":{"line":216,"column":null}},"61":{"start":{"line":220,"column":23},"end":{"line":220,"column":null}},"62":{"start":{"line":221,"column":23},"end":{"line":221,"column":null}},"63":{"start":{"line":223,"column":4},"end":{"line":223,"column":null}},"64":{"start":{"line":224,"column":4},"end":{"line":224,"column":null}},"65":{"start":{"line":225,"column":4},"end":{"line":225,"column":null}},"66":{"start":{"line":226,"column":4},"end":{"line":228,"column":null}},"67":{"start":{"line":227,"column":6},"end":{"line":227,"column":null}},"68":{"start":{"line":230,"column":4},"end":{"line":230,"column":null}},"69":{"start":{"line":231,"column":4},"end":{"line":231,"column":null}},"70":{"start":{"line":232,"column":4},"end":{"line":232,"column":null}},"71":{"start":{"line":233,"column":4},"end":{"line":235,"column":null}},"72":{"start":{"line":234,"column":6},"end":{"line":234,"column":null}},"73":{"start":{"line":238,"column":19},"end":{"line":238,"column":null}},"74":{"start":{"line":239,"column":26},"end":{"line":239,"column":null}},"75":{"start":{"line":241,"column":4},"end":{"line":256,"column":null}},"76":{"start":{"line":243,"column":24},"end":{"line":243,"column":null}},"77":{"start":{"line":244,"column":6},"end":{"line":255,"column":null}},"78":{"start":{"line":258,"column":17},"end":{"line":258,"column":null}},"79":{"start":{"line":261,"column":4},"end":{"line":261,"column":null}},"80":{"start":{"line":262,"column":4},"end":{"line":262,"column":null}},"81":{"start":{"line":263,"column":4},"end":{"line":263,"column":null}},"82":{"start":{"line":266,"column":4},"end":{"line":268,"column":null}},"83":{"start":{"line":267,"column":6},"end":{"line":267,"column":null}},"84":{"start":{"line":271,"column":4},"end":{"line":273,"column":null}},"85":{"start":{"line":272,"column":6},"end":{"line":272,"column":null}},"86":{"start":{"line":277,"column":14},"end":{"line":277,"column":null}},"87":{"start":{"line":278,"column":16},"end":{"line":278,"column":null}},"88":{"start":{"line":281,"column":2},"end":{"line":301,"column":null}},"89":{"start":{"line":282,"column":4},"end":{"line":284,"column":null}},"90":{"start":{"line":283,"column":22},"end":{"line":283,"column":63}},"91":{"start":{"line":287,"column":20},"end":{"line":287,"column":null}},"92":{"start":{"line":287,"column":43},"end":{"line":287,"column":47}},"93":{"start":{"line":288,"column":26},"end":{"line":290,"column":null}},"94":{"start":{"line":289,"column":11},"end":{"line":289,"column":null}},"95":{"start":{"line":292,"column":4},"end":{"line":300,"column":null}},"96":{"start":{"line":303,"column":2},"end":{"line":311,"column":null}},"97":{"start":{"line":319,"column":2},"end":{"line":321,"column":null}},"98":{"start":{"line":320,"column":4},"end":{"line":320,"column":null}},"99":{"start":{"line":324,"column":2},"end":{"line":326,"column":null}},"100":{"start":{"line":325,"column":4},"end":{"line":325,"column":null}},"101":{"start":{"line":329,"column":19},"end":{"line":329,"column":null}},"102":{"start":{"line":330,"column":2},"end":{"line":330,"column":null}},"103":{"start":{"line":342,"column":18},"end":{"line":342,"column":null}},"104":{"start":{"line":343,"column":18},"end":{"line":343,"column":null}},"105":{"start":{"line":344,"column":19},"end":{"line":344,"column":null}},"106":{"start":{"line":347,"column":2},"end":{"line":347,"column":null}},"107":{"start":{"line":347,"column":22},"end":{"line":347,"column":null}},"108":{"start":{"line":349,"column":15},"end":{"line":349,"column":null}},"109":{"start":{"line":350,"column":2},"end":{"line":350,"column":null}},"110":{"start":{"line":362,"column":19},"end":{"line":362,"column":null}},"111":{"start":{"line":363,"column":19},"end":{"line":363,"column":null}},"112":{"start":{"line":364,"column":20},"end":{"line":364,"column":null}},"113":{"start":{"line":367,"column":2},"end":{"line":367,"column":null}},"114":{"start":{"line":367,"column":25},"end":{"line":367,"column":null}},"115":{"start":{"line":369,"column":16},"end":{"line":369,"column":null}},"116":{"start":{"line":370,"column":2},"end":{"line":370,"column":null}},"117":{"start":{"line":388,"column":16},"end":{"line":388,"column":null}},"118":{"start":{"line":389,"column":16},"end":{"line":389,"column":null}},"119":{"start":{"line":391,"column":2},"end":{"line":567,"column":null}},"120":{"start":{"line":392,"column":21},"end":{"line":392,"column":null}},"121":{"start":{"line":393,"column":21},"end":{"line":393,"column":null}},"122":{"start":{"line":396,"column":21},"end":{"line":396,"column":null}},"123":{"start":{"line":396,"column":37},"end":{"line":396,"column":54}},"124":{"start":{"line":397,"column":4},"end":{"line":410,"column":null}},"125":{"start":{"line":398,"column":6},"end":{"line":408,"column":null}},"126":{"start":{"line":409,"column":6},"end":{"line":409,"column":null}},"127":{"start":{"line":413,"column":21},"end":{"line":413,"column":null}},"128":{"start":{"line":413,"column":37},"end":{"line":413,"column":54}},"129":{"start":{"line":414,"column":4},"end":{"line":427,"column":null}},"130":{"start":{"line":415,"column":6},"end":{"line":425,"column":null}},"131":{"start":{"line":426,"column":6},"end":{"line":426,"column":null}},"132":{"start":{"line":430,"column":4},"end":{"line":430,"column":null}},"133":{"start":{"line":431,"column":4},"end":{"line":431,"column":null}},"134":{"start":{"line":432,"column":4},"end":{"line":432,"column":null}},"135":{"start":{"line":433,"column":4},"end":{"line":435,"column":null}},"136":{"start":{"line":434,"column":6},"end":{"line":434,"column":null}},"137":{"start":{"line":437,"column":4},"end":{"line":437,"column":null}},"138":{"start":{"line":438,"column":4},"end":{"line":438,"column":null}},"139":{"start":{"line":439,"column":4},"end":{"line":439,"column":null}},"140":{"start":{"line":440,"column":4},"end":{"line":442,"column":null}},"141":{"start":{"line":441,"column":6},"end":{"line":441,"column":null}},"142":{"start":{"line":445,"column":19},"end":{"line":445,"column":null}},"143":{"start":{"line":446,"column":15},"end":{"line":446,"column":null}},"144":{"start":{"line":446,"column":31},"end":{"line":446,"column":85}},"145":{"start":{"line":448,"column":4},"end":{"line":464,"column":null}},"146":{"start":{"line":450,"column":24},"end":{"line":450,"column":null}},"147":{"start":{"line":451,"column":6},"end":{"line":462,"column":null}},"148":{"start":{"line":463,"column":6},"end":{"line":463,"column":null}},"149":{"start":{"line":467,"column":4},"end":{"line":467,"column":null}},"150":{"start":{"line":468,"column":4},"end":{"line":468,"column":null}},"151":{"start":{"line":469,"column":4},"end":{"line":469,"column":null}},"152":{"start":{"line":471,"column":4},"end":{"line":473,"column":null}},"153":{"start":{"line":472,"column":6},"end":{"line":472,"column":null}},"154":{"start":{"line":474,"column":2},"end":{"line":567,"column":null}},"155":{"start":{"line":476,"column":24},"end":{"line":476,"column":null}},"156":{"start":{"line":477,"column":24},"end":{"line":477,"column":null}},"157":{"start":{"line":480,"column":4},"end":{"line":482,"column":null}},"158":{"start":{"line":481,"column":6},"end":{"line":481,"column":null}},"159":{"start":{"line":484,"column":21},"end":{"line":484,"column":null}},"160":{"start":{"line":485,"column":21},"end":{"line":485,"column":null}},"161":{"start":{"line":488,"column":21},"end":{"line":488,"column":null}},"162":{"start":{"line":488,"column":37},"end":{"line":488,"column":54}},"163":{"start":{"line":489,"column":4},"end":{"line":503,"column":null}},"164":{"start":{"line":490,"column":6},"end":{"line":501,"column":null}},"165":{"start":{"line":502,"column":6},"end":{"line":502,"column":null}},"166":{"start":{"line":506,"column":21},"end":{"line":506,"column":null}},"167":{"start":{"line":506,"column":37},"end":{"line":506,"column":54}},"168":{"start":{"line":507,"column":4},"end":{"line":521,"column":null}},"169":{"start":{"line":508,"column":6},"end":{"line":519,"column":null}},"170":{"start":{"line":520,"column":6},"end":{"line":520,"column":null}},"171":{"start":{"line":524,"column":4},"end":{"line":524,"column":null}},"172":{"start":{"line":525,"column":4},"end":{"line":525,"column":null}},"173":{"start":{"line":526,"column":4},"end":{"line":526,"column":null}},"174":{"start":{"line":527,"column":4},"end":{"line":529,"column":null}},"175":{"start":{"line":528,"column":6},"end":{"line":528,"column":null}},"176":{"start":{"line":531,"column":4},"end":{"line":531,"column":null}},"177":{"start":{"line":532,"column":4},"end":{"line":532,"column":null}},"178":{"start":{"line":533,"column":4},"end":{"line":533,"column":null}},"179":{"start":{"line":534,"column":4},"end":{"line":536,"column":null}},"180":{"start":{"line":535,"column":6},"end":{"line":535,"column":null}},"181":{"start":{"line":539,"column":19},"end":{"line":539,"column":null}},"182":{"start":{"line":540,"column":15},"end":{"line":540,"column":null}},"183":{"start":{"line":540,"column":31},"end":{"line":540,"column":85}},"184":{"start":{"line":542,"column":4},"end":{"line":557,"column":null}},"185":{"start":{"line":543,"column":24},"end":{"line":543,"column":null}},"186":{"start":{"line":544,"column":6},"end":{"line":555,"column":null}},"187":{"start":{"line":556,"column":6},"end":{"line":556,"column":null}},"188":{"start":{"line":560,"column":4},"end":{"line":560,"column":null}},"189":{"start":{"line":561,"column":4},"end":{"line":561,"column":null}},"190":{"start":{"line":562,"column":4},"end":{"line":562,"column":null}},"191":{"start":{"line":564,"column":4},"end":{"line":566,"column":null}},"192":{"start":{"line":565,"column":6},"end":{"line":565,"column":null}},"193":{"start":{"line":569,"column":2},"end":{"line":577,"column":null}},"194":{"start":{"line":587,"column":2},"end":{"line":589,"column":null}},"195":{"start":{"line":588,"column":4},"end":{"line":588,"column":null}},"196":{"start":{"line":592,"column":2},"end":{"line":594,"column":null}},"197":{"start":{"line":593,"column":4},"end":{"line":593,"column":null}},"198":{"start":{"line":596,"column":2},"end":{"line":596,"column":null}}},"fnMap":{"0":{"name":"aggregateFlowsToTopology","decl":{"start":{"line":17,"column":16},"end":{"line":17,"column":null}},"loc":{"start":{"line":21,"column":16},"end":{"line":27,"column":null}},"line":21},"1":{"name":"aggregateByIP","decl":{"start":{"line":32,"column":9},"end":{"line":32,"column":23}},"loc":{"start":{"line":32,"column":71},"end":{"line":164,"column":null}},"line":32},"2":{"name":"(anonymous_2)","decl":{"start":{"line":37,"column":16},"end":{"line":37,"column":24}},"loc":{"start":{"line":37,"column":24},"end":{"line":126,"column":3}},"line":37},"3":{"name":"(anonymous_3)","decl":{"start":{"line":135,"column":12},"end":{"line":135,"column":13}},"loc":{"start":{"line":135,"column":22},"end":{"line":135,"column":63}},"line":135},"4":{"name":"(anonymous_4)","decl":{"start":{"line":139,"column":38},"end":{"line":139,"column":43}},"loc":{"start":{"line":139,"column":43},"end":{"line":139,"column":47}},"line":139},"5":{"name":"(anonymous_5)","decl":{"start":{"line":141,"column":6},"end":{"line":141,"column":11}},"loc":{"start":{"line":141,"column":11},"end":{"line":141,"column":null}},"line":141},"6":{"name":"aggregateByLabel","decl":{"start":{"line":169,"column":9},"end":{"line":169,"column":26}},"loc":{"start":{"line":169,"column":74},"end":{"line":312,"column":null}},"line":169},"7":{"name":"(anonymous_7)","decl":{"start":{"line":174,"column":16},"end":{"line":174,"column":24}},"loc":{"start":{"line":174,"column":24},"end":{"line":274,"column":3}},"line":174},"8":{"name":"(anonymous_8)","decl":{"start":{"line":283,"column":12},"end":{"line":283,"column":13}},"loc":{"start":{"line":283,"column":22},"end":{"line":283,"column":63}},"line":283},"9":{"name":"(anonymous_9)","decl":{"start":{"line":287,"column":38},"end":{"line":287,"column":43}},"loc":{"start":{"line":287,"column":43},"end":{"line":287,"column":47}},"line":287},"10":{"name":"(anonymous_10)","decl":{"start":{"line":289,"column":6},"end":{"line":289,"column":11}},"loc":{"start":{"line":289,"column":11},"end":{"line":289,"column":null}},"line":289},"11":{"name":"getServiceLabel","decl":{"start":{"line":318,"column":9},"end":{"line":318,"column":25}},"loc":{"start":{"line":318,"column":73},"end":{"line":331,"column":null}},"line":318},"12":{"name":"calculateNodeSize","decl":{"start":{"line":340,"column":16},"end":{"line":340,"column":34}},"loc":{"start":{"line":340,"column":61},"end":{"line":351,"column":null}},"line":340},"13":{"name":"calculateEdgeWidth","decl":{"start":{"line":360,"column":16},"end":{"line":360,"column":35}},"loc":{"start":{"line":360,"column":62},"end":{"line":371,"column":null}},"line":360},"14":{"name":"mergeTopologyUpdate","decl":{"start":{"line":381,"column":16},"end":{"line":381,"column":null}},"loc":{"start":{"line":385,"column":16},"end":{"line":578,"column":null}},"line":385},"15":{"name":"(anonymous_15)","decl":{"start":{"line":396,"column":32},"end":{"line":396,"column":37}},"loc":{"start":{"line":396,"column":37},"end":{"line":396,"column":54}},"line":396},"16":{"name":"(anonymous_16)","decl":{"start":{"line":413,"column":32},"end":{"line":413,"column":37}},"loc":{"start":{"line":413,"column":37},"end":{"line":413,"column":54}},"line":413},"17":{"name":"(anonymous_17)","decl":{"start":{"line":446,"column":26},"end":{"line":446,"column":31}},"loc":{"start":{"line":446,"column":31},"end":{"line":446,"column":85}},"line":446},"18":{"name":"(anonymous_18)","decl":{"start":{"line":488,"column":32},"end":{"line":488,"column":37}},"loc":{"start":{"line":488,"column":37},"end":{"line":488,"column":54}},"line":488},"19":{"name":"(anonymous_19)","decl":{"start":{"line":506,"column":32},"end":{"line":506,"column":37}},"loc":{"start":{"line":506,"column":37},"end":{"line":506,"column":54}},"line":506},"20":{"name":"(anonymous_20)","decl":{"start":{"line":540,"column":26},"end":{"line":540,"column":31}},"loc":{"start":{"line":540,"column":31},"end":{"line":540,"column":85}},"line":540},"21":{"name":"getNodeLabel","decl":{"start":{"line":586,"column":16},"end":{"line":586,"column":29}},"loc":{"start":{"line":586,"column":57},"end":{"line":597,"column":null}},"line":586}},"branchMap":{"0":{"loc":{"start":{"line":22,"column":2},"end":{"line":26,"column":null}},"type":"if","locations":[{"start":{"line":22,"column":2},"end":{"line":26,"column":null}},{"start":{"line":24,"column":9},"end":{"line":26,"column":null}}],"line":22},"1":{"loc":{"start":{"line":42,"column":4},"end":{"line":54,"column":null}},"type":"if","locations":[{"start":{"line":42,"column":4},"end":{"line":54,"column":null}},{"start":{},"end":{}}],"line":42},"2":{"loc":{"start":{"line":57,"column":4},"end":{"line":69,"column":null}},"type":"if","locations":[{"start":{"line":57,"column":4},"end":{"line":69,"column":null}},{"start":{},"end":{}}],"line":57},"3":{"loc":{"start":{"line":78,"column":4},"end":{"line":80,"column":null}},"type":"if","locations":[{"start":{"line":78,"column":4},"end":{"line":80,"column":null}},{"start":{},"end":{}}],"line":78},"4":{"loc":{"start":{"line":85,"column":4},"end":{"line":87,"column":null}},"type":"if","locations":[{"start":{"line":85,"column":4},"end":{"line":87,"column":null}},{"start":{},"end":{}}],"line":85},"5":{"loc":{"start":{"line":93,"column":4},"end":{"line":108,"column":null}},"type":"if","locations":[{"start":{"line":93,"column":4},"end":{"line":108,"column":null}},{"start":{},"end":{}}],"line":93},"6":{"loc":{"start":{"line":93,"column":8},"end":{"line":93,"column":61}},"type":"binary-expr","locations":[{"start":{"line":93,"column":8},"end":{"line":93,"column":32}},{"start":{"line":93,"column":32},"end":{"line":93,"column":61}}],"line":93},"7":{"loc":{"start":{"line":95,"column":24},"end":{"line":95,"column":null}},"type":"cond-expr","locations":[{"start":{"line":95,"column":55},"end":{"line":95,"column":67}},{"start":{"line":95,"column":67},"end":{"line":95,"column":null}}],"line":95},"8":{"loc":{"start":{"line":110,"column":17},"end":{"line":110,"column":null}},"type":"binary-expr","locations":[{"start":{"line":110,"column":17},"end":{"line":110,"column":40}},{"start":{"line":110,"column":40},"end":{"line":110,"column":null}}],"line":110},"9":{"loc":{"start":{"line":118,"column":4},"end":{"line":120,"column":null}},"type":"if","locations":[{"start":{"line":118,"column":4},"end":{"line":120,"column":null}},{"start":{},"end":{}}],"line":118},"10":{"loc":{"start":{"line":123,"column":4},"end":{"line":125,"column":null}},"type":"if","locations":[{"start":{"line":123,"column":4},"end":{"line":125,"column":null}},{"start":{},"end":{}}],"line":123},"11":{"loc":{"start":{"line":133,"column":2},"end":{"line":153,"column":null}},"type":"if","locations":[{"start":{"line":133,"column":2},"end":{"line":153,"column":null}},{"start":{},"end":{}}],"line":133},"12":{"loc":{"start":{"line":133,"column":6},"end":{"line":133,"column":43}},"type":"binary-expr","locations":[{"start":{"line":133,"column":6},"end":{"line":133,"column":18}},{"start":{"line":133,"column":18},"end":{"line":133,"column":43}}],"line":133},"13":{"loc":{"start":{"line":141,"column":11},"end":{"line":141,"column":null}},"type":"binary-expr","locations":[{"start":{"line":141,"column":11},"end":{"line":141,"column":36}},{"start":{"line":141,"column":36},"end":{"line":141,"column":null}}],"line":141},"14":{"loc":{"start":{"line":180,"column":4},"end":{"line":182,"column":null}},"type":"if","locations":[{"start":{"line":180,"column":4},"end":{"line":182,"column":null}},{"start":{},"end":{}}],"line":180},"15":{"loc":{"start":{"line":180,"column":8},"end":{"line":180,"column":38}},"type":"binary-expr","locations":[{"start":{"line":180,"column":8},"end":{"line":180,"column":24}},{"start":{"line":180,"column":24},"end":{"line":180,"column":38}}],"line":180},"16":{"loc":{"start":{"line":188,"column":4},"end":{"line":201,"column":null}},"type":"if","locations":[{"start":{"line":188,"column":4},"end":{"line":201,"column":null}},{"start":{},"end":{}}],"line":188},"17":{"loc":{"start":{"line":204,"column":4},"end":{"line":217,"column":null}},"type":"if","locations":[{"start":{"line":204,"column":4},"end":{"line":217,"column":null}},{"start":{},"end":{}}],"line":204},"18":{"loc":{"start":{"line":226,"column":4},"end":{"line":228,"column":null}},"type":"if","locations":[{"start":{"line":226,"column":4},"end":{"line":228,"column":null}},{"start":{},"end":{}}],"line":226},"19":{"loc":{"start":{"line":233,"column":4},"end":{"line":235,"column":null}},"type":"if","locations":[{"start":{"line":233,"column":4},"end":{"line":235,"column":null}},{"start":{},"end":{}}],"line":233},"20":{"loc":{"start":{"line":241,"column":4},"end":{"line":256,"column":null}},"type":"if","locations":[{"start":{"line":241,"column":4},"end":{"line":256,"column":null}},{"start":{},"end":{}}],"line":241},"21":{"loc":{"start":{"line":241,"column":8},"end":{"line":241,"column":61}},"type":"binary-expr","locations":[{"start":{"line":241,"column":8},"end":{"line":241,"column":32}},{"start":{"line":241,"column":32},"end":{"line":241,"column":61}}],"line":241},"22":{"loc":{"start":{"line":243,"column":24},"end":{"line":243,"column":null}},"type":"cond-expr","locations":[{"start":{"line":243,"column":55},"end":{"line":243,"column":67}},{"start":{"line":243,"column":67},"end":{"line":243,"column":null}}],"line":243},"23":{"loc":{"start":{"line":258,"column":17},"end":{"line":258,"column":null}},"type":"binary-expr","locations":[{"start":{"line":258,"column":17},"end":{"line":258,"column":40}},{"start":{"line":258,"column":40},"end":{"line":258,"column":null}}],"line":258},"24":{"loc":{"start":{"line":266,"column":4},"end":{"line":268,"column":null}},"type":"if","locations":[{"start":{"line":266,"column":4},"end":{"line":268,"column":null}},{"start":{},"end":{}}],"line":266},"25":{"loc":{"start":{"line":271,"column":4},"end":{"line":273,"column":null}},"type":"if","locations":[{"start":{"line":271,"column":4},"end":{"line":273,"column":null}},{"start":{},"end":{}}],"line":271},"26":{"loc":{"start":{"line":281,"column":2},"end":{"line":301,"column":null}},"type":"if","locations":[{"start":{"line":281,"column":2},"end":{"line":301,"column":null}},{"start":{},"end":{}}],"line":281},"27":{"loc":{"start":{"line":281,"column":6},"end":{"line":281,"column":43}},"type":"binary-expr","locations":[{"start":{"line":281,"column":6},"end":{"line":281,"column":18}},{"start":{"line":281,"column":18},"end":{"line":281,"column":43}}],"line":281},"28":{"loc":{"start":{"line":289,"column":11},"end":{"line":289,"column":null}},"type":"binary-expr","locations":[{"start":{"line":289,"column":11},"end":{"line":289,"column":36}},{"start":{"line":289,"column":36},"end":{"line":289,"column":null}}],"line":289},"29":{"loc":{"start":{"line":319,"column":2},"end":{"line":321,"column":null}},"type":"if","locations":[{"start":{"line":319,"column":2},"end":{"line":321,"column":null}},{"start":{},"end":{}}],"line":319},"30":{"loc":{"start":{"line":319,"column":6},"end":{"line":319,"column":51}},"type":"binary-expr","locations":[{"start":{"line":319,"column":6},"end":{"line":319,"column":17}},{"start":{"line":319,"column":17},"end":{"line":319,"column":51}}],"line":319},"31":{"loc":{"start":{"line":324,"column":2},"end":{"line":326,"column":null}},"type":"if","locations":[{"start":{"line":324,"column":2},"end":{"line":326,"column":null}},{"start":{},"end":{}}],"line":324},"32":{"loc":{"start":{"line":347,"column":2},"end":{"line":347,"column":null}},"type":"if","locations":[{"start":{"line":347,"column":2},"end":{"line":347,"column":null}},{"start":{},"end":{}}],"line":347},"33":{"loc":{"start":{"line":367,"column":2},"end":{"line":367,"column":null}},"type":"if","locations":[{"start":{"line":367,"column":2},"end":{"line":367,"column":null}},{"start":{},"end":{}}],"line":367},"34":{"loc":{"start":{"line":391,"column":2},"end":{"line":567,"column":null}},"type":"if","locations":[{"start":{"line":391,"column":2},"end":{"line":567,"column":null}},{"start":{"line":474,"column":2},"end":{"line":567,"column":null}}],"line":391},"35":{"loc":{"start":{"line":397,"column":4},"end":{"line":410,"column":null}},"type":"if","locations":[{"start":{"line":397,"column":4},"end":{"line":410,"column":null}},{"start":{},"end":{}}],"line":397},"36":{"loc":{"start":{"line":414,"column":4},"end":{"line":427,"column":null}},"type":"if","locations":[{"start":{"line":414,"column":4},"end":{"line":427,"column":null}},{"start":{},"end":{}}],"line":414},"37":{"loc":{"start":{"line":433,"column":4},"end":{"line":435,"column":null}},"type":"if","locations":[{"start":{"line":433,"column":4},"end":{"line":435,"column":null}},{"start":{},"end":{}}],"line":433},"38":{"loc":{"start":{"line":440,"column":4},"end":{"line":442,"column":null}},"type":"if","locations":[{"start":{"line":440,"column":4},"end":{"line":442,"column":null}},{"start":{},"end":{}}],"line":440},"39":{"loc":{"start":{"line":446,"column":31},"end":{"line":446,"column":85}},"type":"binary-expr","locations":[{"start":{"line":446,"column":31},"end":{"line":446,"column":50}},{"start":{"line":446,"column":50},"end":{"line":446,"column":85}}],"line":446},"40":{"loc":{"start":{"line":448,"column":4},"end":{"line":464,"column":null}},"type":"if","locations":[{"start":{"line":448,"column":4},"end":{"line":464,"column":null}},{"start":{},"end":{}}],"line":448},"41":{"loc":{"start":{"line":450,"column":24},"end":{"line":450,"column":null}},"type":"cond-expr","locations":[{"start":{"line":450,"column":58},"end":{"line":450,"column":70}},{"start":{"line":450,"column":70},"end":{"line":450,"column":null}}],"line":450},"42":{"loc":{"start":{"line":471,"column":4},"end":{"line":473,"column":null}},"type":"if","locations":[{"start":{"line":471,"column":4},"end":{"line":473,"column":null}},{"start":{},"end":{}}],"line":471},"43":{"loc":{"start":{"line":474,"column":2},"end":{"line":567,"column":null}},"type":"if","locations":[{"start":{"line":474,"column":2},"end":{"line":567,"column":null}},{"start":{},"end":{}}],"line":474},"44":{"loc":{"start":{"line":480,"column":4},"end":{"line":482,"column":null}},"type":"if","locations":[{"start":{"line":480,"column":4},"end":{"line":482,"column":null}},{"start":{},"end":{}}],"line":480},"45":{"loc":{"start":{"line":480,"column":8},"end":{"line":480,"column":38}},"type":"binary-expr","locations":[{"start":{"line":480,"column":8},"end":{"line":480,"column":24}},{"start":{"line":480,"column":24},"end":{"line":480,"column":38}}],"line":480},"46":{"loc":{"start":{"line":489,"column":4},"end":{"line":503,"column":null}},"type":"if","locations":[{"start":{"line":489,"column":4},"end":{"line":503,"column":null}},{"start":{},"end":{}}],"line":489},"47":{"loc":{"start":{"line":507,"column":4},"end":{"line":521,"column":null}},"type":"if","locations":[{"start":{"line":507,"column":4},"end":{"line":521,"column":null}},{"start":{},"end":{}}],"line":507},"48":{"loc":{"start":{"line":527,"column":4},"end":{"line":529,"column":null}},"type":"if","locations":[{"start":{"line":527,"column":4},"end":{"line":529,"column":null}},{"start":{},"end":{}}],"line":527},"49":{"loc":{"start":{"line":534,"column":4},"end":{"line":536,"column":null}},"type":"if","locations":[{"start":{"line":534,"column":4},"end":{"line":536,"column":null}},{"start":{},"end":{}}],"line":534},"50":{"loc":{"start":{"line":540,"column":31},"end":{"line":540,"column":85}},"type":"binary-expr","locations":[{"start":{"line":540,"column":31},"end":{"line":540,"column":50}},{"start":{"line":540,"column":50},"end":{"line":540,"column":85}}],"line":540},"51":{"loc":{"start":{"line":542,"column":4},"end":{"line":557,"column":null}},"type":"if","locations":[{"start":{"line":542,"column":4},"end":{"line":557,"column":null}},{"start":{},"end":{}}],"line":542},"52":{"loc":{"start":{"line":543,"column":24},"end":{"line":543,"column":null}},"type":"cond-expr","locations":[{"start":{"line":543,"column":58},"end":{"line":543,"column":70}},{"start":{"line":543,"column":70},"end":{"line":543,"column":null}}],"line":543},"53":{"loc":{"start":{"line":564,"column":4},"end":{"line":566,"column":null}},"type":"if","locations":[{"start":{"line":564,"column":4},"end":{"line":566,"column":null}},{"start":{},"end":{}}],"line":564},"54":{"loc":{"start":{"line":587,"column":2},"end":{"line":589,"column":null}},"type":"if","locations":[{"start":{"line":587,"column":2},"end":{"line":589,"column":null}},{"start":{},"end":{}}],"line":587},"55":{"loc":{"start":{"line":592,"column":2},"end":{"line":594,"column":null}},"type":"if","locations":[{"start":{"line":592,"column":2},"end":{"line":594,"column":null}},{"start":{},"end":{}}],"line":592}},"s":{"0":15,"1":11,"2":4,"3":11,"4":11,"5":11,"6":17,"7":17,"8":17,"9":13,"10":17,"11":12,"12":17,"13":17,"14":17,"15":17,"16":17,"17":17,"18":16,"19":17,"20":17,"21":17,"22":17,"23":16,"24":17,"25":17,"26":17,"27":13,"28":13,"29":17,"30":17,"31":17,"32":17,"33":17,"34":14,"35":17,"36":2,"37":11,"38":11,"39":11,"40":2,"41":15,"42":2,"43":6,"44":2,"45":5,"46":2,"47":9,"48":4,"49":4,"50":4,"51":6,"52":6,"53":6,"54":1,"55":5,"56":5,"57":5,"58":4,"59":5,"60":4,"61":5,"62":5,"63":5,"64":5,"65":5,"66":5,"67":5,"68":5,"69":5,"70":5,"71":5,"72":5,"73":5,"74":5,"75":5,"76":4,"77":4,"78":5,"79":6,"80":6,"81":6,"82":6,"83":4,"84":5,"85":0,"86":4,"87":4,"88":4,"89":0,"90":0,"91":0,"92":0,"93":0,"94":0,"95":0,"96":4,"97":18,"98":3,"99":15,"100":15,"101":0,"102":0,"103":7,"104":7,"105":7,"106":7,"107":1,"108":6,"109":6,"110":6,"111":6,"112":6,"113":6,"114":2,"115":4,"116":4,"117":6,"118":6,"119":6,"120":3,"121":3,"122":3,"123":2,"124":3,"125":1,"126":1,"127":3,"128":5,"129":3,"130":1,"131":1,"132":3,"133":3,"134":3,"135":3,"136":3,"137":3,"138":3,"139":3,"140":3,"141":3,"142":3,"143":3,"144":1,"145":3,"146":2,"147":2,"148":2,"149":3,"150":3,"151":3,"152":3,"153":3,"154":3,"155":3,"156":3,"157":3,"158":1,"159":2,"160":2,"161":2,"162":1,"163":2,"164":1,"165":1,"166":2,"167":2,"168":2,"169":2,"170":2,"171":2,"172":2,"173":2,"174":2,"175":2,"176":2,"177":2,"178":2,"179":2,"180":2,"181":2,"182":2,"183":0,"184":2,"185":2,"186":2,"187":2,"188":2,"189":2,"190":2,"191":2,"192":2,"193":5,"194":2,"195":1,"196":1,"197":1,"198":0},"f":{"0":15,"1":11,"2":17,"3":15,"4":6,"5":5,"6":4,"7":6,"8":0,"9":0,"10":0,"11":18,"12":7,"13":6,"14":6,"15":2,"16":5,"17":1,"18":1,"19":2,"20":0,"21":2},"b":{"0":[11,4],"1":[13,4],"2":[12,5],"3":[16,1],"4":[16,1],"5":[13,4],"6":[17,14],"7":[1,12],"8":[17,1],"9":[14,3],"10":[2,15],"11":[2,9],"12":[11,2],"13":[5,3],"14":[1,5],"15":[6,5],"16":[4,1],"17":[4,1],"18":[5,0],"19":[5,0],"20":[4,1],"21":[5,4],"22":[0,4],"23":[5,0],"24":[4,2],"25":[0,5],"26":[0,4],"27":[4,0],"28":[0,0],"29":[3,15],"30":[18,18],"31":[15,0],"32":[1,6],"33":[2,4],"34":[3,3],"35":[1,2],"36":[1,2],"37":[3,0],"38":[3,0],"39":[1,0],"40":[2,1],"41":[0,2],"42":[3,0],"43":[3,0],"44":[1,2],"45":[3,2],"46":[1,1],"47":[2,0],"48":[2,0],"49":[2,0],"50":[0,0],"51":[2,0],"52":[0,2],"53":[2,0],"54":[1,1],"55":[1,0]},"meta":{"lastBranch":56,"lastFunction":22,"lastStatement":199,"seen":{"f:17:16:17:Infinity":0,"b:22:2:26:Infinity:24:9:26:Infinity":0,"s:22:2:26:Infinity":0,"s:23:4:23:Infinity":1,"s:25:4:25:Infinity":2,"f:32:9:32:23":1,"s:33:18:33:Infinity":3,"s:34:18:34:Infinity":4,"s:37:2:126:Infinity":5,"f:37:16:37:24":2,"s:38:21:38:Infinity":6,"s:39:21:39:Infinity":7,"b:42:4:54:Infinity:undefined:undefined:undefined:undefined":1,"s:42:4:54:Infinity":8,"s:43:6:53:Infinity":9,"b:57:4:69:Infinity:undefined:undefined:undefined:undefined":2,"s:57:4:69:Infinity":10,"s:58:6:68:Infinity":11,"s:72:23:72:Infinity":12,"s:73:23:73:Infinity":13,"s:75:4:75:Infinity":14,"s:76:4:76:Infinity":15,"s:77:4:77:Infinity":16,"b:78:4:80:Infinity:undefined:undefined:undefined:undefined":3,"s:78:4:80:Infinity":17,"s:79:6:79:Infinity":18,"s:82:4:82:Infinity":19,"s:83:4:83:Infinity":20,"s:84:4:84:Infinity":21,"b:85:4:87:Infinity:undefined:undefined:undefined:undefined":4,"s:85:4:87:Infinity":22,"s:86:6:86:Infinity":23,"s:90:19:90:Infinity":24,"s:91:26:91:Infinity":25,"b:93:4:108:Infinity:undefined:undefined:undefined:undefined":5,"s:93:4:108:Infinity":26,"b:93:8:93:32:93:32:93:61":6,"s:95:24:95:Infinity":27,"b:95:55:95:67:95:67:95:Infinity":7,"s:96:6:107:Infinity":28,"s:110:17:110:Infinity":29,"b:110:17:110:40:110:40:110:Infinity":8,"s:113:4:113:Infinity":30,"s:114:4:114:Infinity":31,"s:115:4:115:Infinity":32,"b:118:4:120:Infinity:undefined:undefined:undefined:undefined":9,"s:118:4:120:Infinity":33,"s:119:6:119:Infinity":34,"b:123:4:125:Infinity:undefined:undefined:undefined:undefined":10,"s:123:4:125:Infinity":35,"s:124:6:124:Infinity":36,"s:129:14:129:Infinity":37,"s:130:16:130:Infinity":38,"b:133:2:153:Infinity:undefined:undefined:undefined:undefined":11,"s:133:2:153:Infinity":39,"b:133:6:133:18:133:18:133:43":12,"s:134:4:136:Infinity":40,"f:135:12:135:13":3,"s:135:22:135:63":41,"s:139:20:139:Infinity":42,"f:139:38:139:43":4,"s:139:43:139:47":43,"s:140:26:142:Infinity":44,"f:141:6:141:11":5,"s:141:11:141:Infinity":45,"b:141:11:141:36:141:36:141:Infinity":13,"s:144:4:152:Infinity":46,"s:155:2:163:Infinity":47,"f:169:9:169:26":6,"s:170:18:170:Infinity":48,"s:171:18:171:Infinity":49,"s:174:2:274:Infinity":50,"f:174:16:174:24":7,"s:176:24:176:Infinity":51,"s:177:24:177:Infinity":52,"b:180:4:182:Infinity:undefined:undefined:undefined:undefined":14,"s:180:4:182:Infinity":53,"b:180:8:180:24:180:24:180:38":15,"s:181:6:181:Infinity":54,"s:184:21:184:Infinity":55,"s:185:21:185:Infinity":56,"b:188:4:201:Infinity:undefined:undefined:undefined:undefined":16,"s:188:4:201:Infinity":57,"s:189:6:200:Infinity":58,"b:204:4:217:Infinity:undefined:undefined:undefined:undefined":17,"s:204:4:217:Infinity":59,"s:205:6:216:Infinity":60,"s:220:23:220:Infinity":61,"s:221:23:221:Infinity":62,"s:223:4:223:Infinity":63,"s:224:4:224:Infinity":64,"s:225:4:225:Infinity":65,"b:226:4:228:Infinity:undefined:undefined:undefined:undefined":18,"s:226:4:228:Infinity":66,"s:227:6:227:Infinity":67,"s:230:4:230:Infinity":68,"s:231:4:231:Infinity":69,"s:232:4:232:Infinity":70,"b:233:4:235:Infinity:undefined:undefined:undefined:undefined":19,"s:233:4:235:Infinity":71,"s:234:6:234:Infinity":72,"s:238:19:238:Infinity":73,"s:239:26:239:Infinity":74,"b:241:4:256:Infinity:undefined:undefined:undefined:undefined":20,"s:241:4:256:Infinity":75,"b:241:8:241:32:241:32:241:61":21,"s:243:24:243:Infinity":76,"b:243:55:243:67:243:67:243:Infinity":22,"s:244:6:255:Infinity":77,"s:258:17:258:Infinity":78,"b:258:17:258:40:258:40:258:Infinity":23,"s:261:4:261:Infinity":79,"s:262:4:262:Infinity":80,"s:263:4:263:Infinity":81,"b:266:4:268:Infinity:undefined:undefined:undefined:undefined":24,"s:266:4:268:Infinity":82,"s:267:6:267:Infinity":83,"b:271:4:273:Infinity:undefined:undefined:undefined:undefined":25,"s:271:4:273:Infinity":84,"s:272:6:272:Infinity":85,"s:277:14:277:Infinity":86,"s:278:16:278:Infinity":87,"b:281:2:301:Infinity:undefined:undefined:undefined:undefined":26,"s:281:2:301:Infinity":88,"b:281:6:281:18:281:18:281:43":27,"s:282:4:284:Infinity":89,"f:283:12:283:13":8,"s:283:22:283:63":90,"s:287:20:287:Infinity":91,"f:287:38:287:43":9,"s:287:43:287:47":92,"s:288:26:290:Infinity":93,"f:289:6:289:11":10,"s:289:11:289:Infinity":94,"b:289:11:289:36:289:36:289:Infinity":28,"s:292:4:300:Infinity":95,"s:303:2:311:Infinity":96,"f:318:9:318:25":11,"b:319:2:321:Infinity:undefined:undefined:undefined:undefined":29,"s:319:2:321:Infinity":97,"b:319:6:319:17:319:17:319:51":30,"s:320:4:320:Infinity":98,"b:324:2:326:Infinity:undefined:undefined:undefined:undefined":31,"s:324:2:326:Infinity":99,"s:325:4:325:Infinity":100,"s:329:19:329:Infinity":101,"s:330:2:330:Infinity":102,"f:340:16:340:34":12,"s:342:18:342:Infinity":103,"s:343:18:343:Infinity":104,"s:344:19:344:Infinity":105,"b:347:2:347:Infinity:undefined:undefined:undefined:undefined":32,"s:347:2:347:Infinity":106,"s:347:22:347:Infinity":107,"s:349:15:349:Infinity":108,"s:350:2:350:Infinity":109,"f:360:16:360:35":13,"s:362:19:362:Infinity":110,"s:363:19:363:Infinity":111,"s:364:20:364:Infinity":112,"b:367:2:367:Infinity:undefined:undefined:undefined:undefined":33,"s:367:2:367:Infinity":113,"s:367:25:367:Infinity":114,"s:369:16:369:Infinity":115,"s:370:2:370:Infinity":116,"f:381:16:381:Infinity":14,"s:388:16:388:Infinity":117,"s:389:16:389:Infinity":118,"b:391:2:567:Infinity:474:2:567:Infinity":34,"s:391:2:567:Infinity":119,"s:392:21:392:Infinity":120,"s:393:21:393:Infinity":121,"s:396:21:396:Infinity":122,"f:396:32:396:37":15,"s:396:37:396:54":123,"b:397:4:410:Infinity:undefined:undefined:undefined:undefined":35,"s:397:4:410:Infinity":124,"s:398:6:408:Infinity":125,"s:409:6:409:Infinity":126,"s:413:21:413:Infinity":127,"f:413:32:413:37":16,"s:413:37:413:54":128,"b:414:4:427:Infinity:undefined:undefined:undefined:undefined":36,"s:414:4:427:Infinity":129,"s:415:6:425:Infinity":130,"s:426:6:426:Infinity":131,"s:430:4:430:Infinity":132,"s:431:4:431:Infinity":133,"s:432:4:432:Infinity":134,"b:433:4:435:Infinity:undefined:undefined:undefined:undefined":37,"s:433:4:435:Infinity":135,"s:434:6:434:Infinity":136,"s:437:4:437:Infinity":137,"s:438:4:438:Infinity":138,"s:439:4:439:Infinity":139,"b:440:4:442:Infinity:undefined:undefined:undefined:undefined":38,"s:440:4:442:Infinity":140,"s:441:6:441:Infinity":141,"s:445:19:445:Infinity":142,"s:446:15:446:Infinity":143,"f:446:26:446:31":17,"s:446:31:446:85":144,"b:446:31:446:50:446:50:446:85":39,"b:448:4:464:Infinity:undefined:undefined:undefined:undefined":40,"s:448:4:464:Infinity":145,"s:450:24:450:Infinity":146,"b:450:58:450:70:450:70:450:Infinity":41,"s:451:6:462:Infinity":147,"s:463:6:463:Infinity":148,"s:467:4:467:Infinity":149,"s:468:4:468:Infinity":150,"s:469:4:469:Infinity":151,"b:471:4:473:Infinity:undefined:undefined:undefined:undefined":42,"s:471:4:473:Infinity":152,"s:472:6:472:Infinity":153,"b:474:2:567:Infinity:undefined:undefined:undefined:undefined":43,"s:474:2:567:Infinity":154,"s:476:24:476:Infinity":155,"s:477:24:477:Infinity":156,"b:480:4:482:Infinity:undefined:undefined:undefined:undefined":44,"s:480:4:482:Infinity":157,"b:480:8:480:24:480:24:480:38":45,"s:481:6:481:Infinity":158,"s:484:21:484:Infinity":159,"s:485:21:485:Infinity":160,"s:488:21:488:Infinity":161,"f:488:32:488:37":18,"s:488:37:488:54":162,"b:489:4:503:Infinity:undefined:undefined:undefined:undefined":46,"s:489:4:503:Infinity":163,"s:490:6:501:Infinity":164,"s:502:6:502:Infinity":165,"s:506:21:506:Infinity":166,"f:506:32:506:37":19,"s:506:37:506:54":167,"b:507:4:521:Infinity:undefined:undefined:undefined:undefined":47,"s:507:4:521:Infinity":168,"s:508:6:519:Infinity":169,"s:520:6:520:Infinity":170,"s:524:4:524:Infinity":171,"s:525:4:525:Infinity":172,"s:526:4:526:Infinity":173,"b:527:4:529:Infinity:undefined:undefined:undefined:undefined":48,"s:527:4:529:Infinity":174,"s:528:6:528:Infinity":175,"s:531:4:531:Infinity":176,"s:532:4:532:Infinity":177,"s:533:4:533:Infinity":178,"b:534:4:536:Infinity:undefined:undefined:undefined:undefined":49,"s:534:4:536:Infinity":179,"s:535:6:535:Infinity":180,"s:539:19:539:Infinity":181,"s:540:15:540:Infinity":182,"f:540:26:540:31":20,"s:540:31:540:85":183,"b:540:31:540:50:540:50:540:85":50,"b:542:4:557:Infinity:undefined:undefined:undefined:undefined":51,"s:542:4:557:Infinity":184,"s:543:24:543:Infinity":185,"b:543:58:543:70:543:70:543:Infinity":52,"s:544:6:555:Infinity":186,"s:556:6:556:Infinity":187,"s:560:4:560:Infinity":188,"s:561:4:561:Infinity":189,"s:562:4:562:Infinity":190,"b:564:4:566:Infinity:undefined:undefined:undefined:undefined":53,"s:564:4:566:Infinity":191,"s:565:6:565:Infinity":192,"s:569:2:577:Infinity":193,"f:586:16:586:29":21,"b:587:2:589:Infinity:undefined:undefined:undefined:undefined":54,"s:587:2:589:Infinity":194,"s:588:4:588:Infinity":195,"b:592:2:594:Infinity:undefined:undefined:undefined:undefined":55,"s:592:2:594:Infinity":196,"s:593:4:593:Infinity":197,"s:596:2:596:Infinity":198}}}
}
